<?xml version="1.0" encoding="UTF-8"?>
<testng-results ignored="0" total="1" passed="1" failed="0" skipped="0">
  <reporter-output>
  </reporter-output>
  <suite started-at="2022-11-17T13:31:52 IST" name="Default suite" finished-at="2022-11-17T13:32:32 IST" duration-ms="39464">
    <groups>
    </groups>
    <test started-at="2022-11-17T13:31:52 IST" name="Default test" finished-at="2022-11-17T13:32:32 IST" duration-ms="39464">
      <class name="testPackage.TestValidLogin">
        <test-method is-config="true" signature="setUp()[pri:0, instance:testPackage.TestValidLogin@2b6faea6]" started-at="2022-11-17T13:31:52 IST" name="setUp" finished-at="2022-11-17T13:32:27 IST" duration-ms="35066" status="PASS">
          <reporter-output>
          </reporter-output>
        </test-method> <!-- setUp -->
        <test-method signature="testValidLogin()[pri:0, instance:testPackage.TestValidLogin@2b6faea6]" started-at="2022-11-17T13:32:27 IST" name="testValidLogin" finished-at="2022-11-17T13:32:31 IST" duration-ms="3541" status="PASS">
          <reporter-output>
          </reporter-output>
        </test-method> <!-- testValidLogin -->
        <test-method is-config="true" signature="tearDown()[pri:0, instance:testPackage.TestValidLogin@2b6faea6]" started-at="2022-11-17T13:32:31 IST" name="tearDown" finished-at="2022-11-17T13:32:32 IST" duration-ms="778" status="PASS">
          <reporter-output>
          </reporter-output>
        </test-method> <!-- tearDown -->
      </class> <!-- testPackage.TestValidLogin -->
    </test> <!-- Default test -->
  </suite> <!-- Default suite -->
</testng-results>
